<?xml version="1.0" encoding="UTF-8"?>
<testsuite xmlns:xsi="http://www.w3.org/2001/XMLSchema-instance" xsi:noNamespaceSchemaLocation="https://maven.apache.org/surefire/maven-surefire-plugin/xsd/surefire-test-report-3.0.xsd" version="3.0" name="testrunner.testrunner" time="23.465" tests="1" errors="0" skipped="0" failures="0">
  <properties>
[...]
</properties>
  <testcase name="Successful login" classname="Login" time="22.61">
    <system-out><![CDATA[
Scenario: Successful login                                                             # Featurefile/kk.feature:3
  Given User launch Chrome browser                                                     # Stepdefinition.stepdefinitioin.user_launch_chrome_browser()
  When User opens URL "https://admin-demo.nopcommerce.com/login?ReturnUrl=%2Fadmin%2F" # Stepdefinition.stepdefinitioin.user_opens_url(java.lang.String)
  And User enters Email as "admin@yourstore.com" and Password as "admin"               # Stepdefinition.stepdefinitioin.user_enters_email_as_and_password_as(java.lang.String,java.lang.String)
  And Click on Login                                                                   # Stepdefinition.stepdefinitioin.click_on_login()
  Then Page title should be "Dashboard / nopCommerce administration"                   # Stepdefinition.stepdefinitioin.page_title_should_be(java.lang.String)
  When User click on Log out link                                                      # Stepdefinition.stepdefinitioin.user_click_on_log_out_link()
  Then Page title should be "Your store. Login"                                        # Stepdefinition.stepdefinitioin.page_title_should_be(java.lang.String)
  And close browser                                                                    # Stepdefinition.stepdefinitioin.close_browser()
]]></system-out>
    <system-err><![CDATA[Starting ChromeDriver 91.0.4472.101 (af52a90bf87030dd1523486a1cd3ae25c5d76c9b-refs/branch-heads/4472@{#1462}) on port 43163
Only local connections are allowed.
Please see https://chromedriver.chromium.org/security-considerations for suggestions on keeping ChromeDriver safe.
ChromeDriver was started successfully.
[1627592603.655][WARNING]: This version of ChromeDriver has not been tested with Chrome version 92.
Jul 30, 2021 2:33:24 AM org.openqa.selenium.remote.ProtocolHandshake createSession
INFO: Detected dialect: W3C
]]></system-err>
  </testcase>
</testsuite>